0 info it worked if it ends with ok
1 verbose cli [ '/Users/damon/Documents/workspace/soft/node-v0.12.0-darwin-x64/bin/node',
1 verbose cli   '/Users/damon/Documents/workspace/soft/node-v0.12.0-darwin-x64/bin/npm',
1 verbose cli   'publish' ]
2 info using npm@2.5.1
3 info using node@v0.12.0
4 verbose publish [ '.' ]
5 silly cache add args [ '.', null ]
6 verbose cache add spec .
7 silly cache add parsed spec { raw: '.',
7 silly cache add   scope: null,
7 silly cache add   name: null,
7 silly cache add   rawSpec: '.',
7 silly cache add   spec: '/Users/damon/Documents/workspace/code/pairwinter/nodejs/generator-tiny',
7 silly cache add   type: 'directory' }
8 verbose addLocalDirectory /Users/damon/.npm/generator-tiny/0.2.6/package.tgz not in flight; packing
9 verbose tar pack [ '/Users/damon/.npm/generator-tiny/0.2.6/package.tgz',
9 verbose tar pack   '/Users/damon/Documents/workspace/code/pairwinter/nodejs/generator-tiny' ]
10 verbose tarball /Users/damon/.npm/generator-tiny/0.2.6/package.tgz
11 verbose folder /Users/damon/Documents/workspace/code/pairwinter/nodejs/generator-tiny
12 info prepublish generator-tiny@0.2.6
13 verbose addLocalTarball adding from inside cache /Users/damon/.npm/generator-tiny/0.2.6/package.tgz
14 silly cache afterAdd generator-tiny@0.2.6
15 verbose afterAdd /Users/damon/.npm/generator-tiny/0.2.6/package/package.json not in flight; writing
16 verbose afterAdd /Users/damon/.npm/generator-tiny/0.2.6/package/package.json written
17 silly publish { name: 'generator-tiny',
17 silly publish   version: '0.2.6',
17 silly publish   description: 'Yeoman generator',
17 silly publish   license: 'MIT',
17 silly publish   main: 'app/index.js',
17 silly publish   repository:
17 silly publish    { type: 'git',
17 silly publish      url: 'https://github.com/pairwinter/generator-tiny' },
17 silly publish   author:
17 silly publish    { name: 'pairwinter',
17 silly publish      email: 'pairwinter@gmail.com',
17 silly publish      url: 'https://github.com/pairwinter' },
17 silly publish   engines: { node: '>=0.10.0' },
17 silly publish   scripts: { test: 'mocha' },
17 silly publish   files: [ 'app', 'backbone' ],
17 silly publish   keywords: [ 'yeoman-generator' ],
17 silly publish   dependencies:
17 silly publish    { chalk: '^0.5.0',
17 silly publish      handlebars: '^2.0.0',
17 silly publish      rimraf: '^2.2.8',
17 silly publish      'yeoman-generator': '^0.17.0',
17 silly publish      yosay: '^0.3.0' },
17 silly publish   devDependencies: { handlebars: '^2.0.0', mocha: '*', rimraf: '^2.2.8' },
17 silly publish   peerDependencies: { yo: '>=1.0.0' },
17 silly publish   readme: '#This generator is only used by myself, and the function is very poor, please not install!   \n#What is it?    \nA generator of Yo and a tool that based on NodeJS      \nTo create the apps and the view templates with the user input arguments. save the time for developer to develop new feature.        \nThe details information about generator please reference the website [Yeoman](http://yeoman.io).        \n#How does it work?    \nIn the environment of NodeJS, Yeoman, execute the shell command to build files.     \nviews,tmpl  \n#Install\n##It\'s a module of NodeJS, so you can execute the command to get it.  \n    npm install tiny-generator\n##and the constructor of tiny-generator contents two parts:\n*   **tiny:app** the base of generator, but it does not do anythings.\n*   **tiny:backbone** the primary function that we use in development.  \n\n#Usage\n##1, post one parameter when execute `tiny:backbone`\n    tiny:backbone appModuleName\nthe appModuleName is name of the module that you created, it can be a path like this `folderParent/folderSub/modelName`   \n###eg.      \n    tiny:backbone settings/contact/profile (you don\'t need to add the suffix of the file)\nit will generate two files in the path of the root path(you should config the root path)\n\n*   rootPath/settings/contact/profileApp.js\n*   rootPath/tmpl/settings/contact/profileAppTmpl.html  \n\n##2, set the resources path where you place the generated javascript and html files\nThe resources path that you place javascript and template file: the default value is the path of command executed.\n##3, select the type of code that you want to use   \n*   standard\n*   dialog\n*   grid\n*   dialog-grid\n\n##4, do you want to add form validation code?\n\n##5, The root path that you place the files that for your testing.\nwe will generate 3 files for testing\n1, testingRootPath/app/settings/contact/profileAppTest.html, if you use the grunt serve to open this file, this file will show the usage of the new created app.\n2, testingRootPath/test/settings/contact/profileApp-unitTest.js\n3, testingRootPath/test/settings/contact/profileApp-endToEndTest.js \n\n##5, delete the files that you just created with the option --delete\n`tiny:backbone appModuleName --delete`, this will delete the files that you created.  \n#maintainability\nAdd the generator templates by the requirements of Project.\n\n\n## Release Histor\n\n2015-2-5       v0.2.4      add the delete option to delete the files that created.\n\n    \n    \n    \n    \n',
17 silly publish   readmeFilename: 'README.md',
17 silly publish   gitHead: 'ed7a8d3af31c7ad9e5e1d4925bacd06f90e9e5df',
17 silly publish   bugs: { url: 'https://github.com/pairwinter/generator-tiny/issues' },
17 silly publish   homepage: 'https://github.com/pairwinter/generator-tiny',
17 silly publish   _id: 'generator-tiny@0.2.6',
17 silly publish   _shasum: '8972e1c308888ad6008cde2305d49a56a7d7418c',
17 silly publish   _from: '.' }
18 silly mapToRegistry name generator-tiny
19 silly mapToRegistry using default registry
20 silly mapToRegistry registry https://registry.npmjs.org/
21 silly mapToRegistry uri https://registry.npmjs.org/generator-tiny
22 verbose publish registryBase https://registry.npmjs.org/
23 silly publish uploading /Users/damon/.npm/generator-tiny/0.2.6/package.tgz
24 verbose request uri https://registry.npmjs.org/generator-tiny
25 verbose request sending authorization for write operation
26 info attempt registry request try #1 at 1:46:23 PM
27 verbose request id 0ab7abb611570d77
28 http request PUT https://registry.npmjs.org/generator-tiny
29 http 403 https://registry.npmjs.org/generator-tiny
30 verbose headers { date: 'Tue, 17 Feb 2015 05:46:24 GMT',
30 verbose headers   server: 'CouchDB/1.5.0 (Erlang OTP/R16B03)',
30 verbose headers   'content-type': 'application/json',
30 verbose headers   'cache-control': 'max-age=60',
30 verbose headers   'content-length': '5739',
30 verbose headers   'accept-ranges': 'bytes',
30 verbose headers   via: '1.1 varnish',
30 verbose headers   'x-served-by': 'cache-hk93-HKG',
30 verbose headers   'x-cache': 'MISS',
30 verbose headers   'x-cache-hits': '0',
30 verbose headers   'x-timer': 'S1424151983.826182,VS0,VE374',
30 verbose headers   'keep-alive': 'timeout=10, max=50',
30 verbose headers   connection: 'Keep-Alive' }
31 verbose request invalidating /Users/damon/.npm/registry.npmjs.org/generator-tiny on PUT
32 error publish Failed PUT 403
33 verbose stack Error: forbidden cannot modify pre-existing version: 0.2.6
33 verbose stack old={"name":"generator-tiny","version":"0.2.6","description":"Yeoman generator","license":"MIT","main":"app/index.js","repository":{"type":"git","url":"https://github.com/pairwinter/generator-tiny"},"author":{"name":"pairwinter","email":"pairwinter@gmail.com","url":"https://github.com/pairwinter"},"engines":{"node":">=0.10.0"},"scripts":{"test":"mocha"},"files":["app","backbone"],"keywords":["yeoman-generator"],"dependencies":{"chalk":"^0.5.0","handlebars":"^2.0.0","rimraf":"^2.2.8","yeoman-generator":"^0.17.0","yosay":"^0.3.0"},"devDependencies":{"handlebars":"^2.0.0","mocha":"*","rimraf":"^2.2.8"},"peerDependencies":{"yo":">=1.0.0"},"gitHead":"ed7a8d3af31c7ad9e5e1d4925bacd06f90e9e5df","bugs":{"url":"https://github.com/pairwinter/generator-tiny/issues"},"homepage":"https://github.com/pairwinter/generator-tiny","_id":"generator-tiny@0.2.6","_shasum":"8972e1c308888ad6008cde2305d49a56a7d7418c","_from":".","_npmVersion":"2.5.1","_nodeVersion":"0.12.0","_npmUser":{"name":"pairwinter","email":"pairwinter@gmail.com"},"maintainers":[{"name":"pairwinter","email":"pairwinter@gmail.com"}],"dist":{"shasum":"8972e1c308888ad6008cde2305d49a56a7d7418c","tarball":"http://registry.npmjs.org/generator-tiny/-/generator-tiny-0.2.6.tgz"}}
33 verbose stack new={"name":"generator-tiny","version":"0.2.6","description":"Yeoman generator","license":"MIT","main":"app/index.js","repository":{"type":"git","url":"https://github.com/pairwinter/generator-tiny"},"author":{"name":"pairwinter","email":"pairwinter@gmail.com","url":"https://github.com/pairwinter"},"engines":{"node":">=0.10.0"},"scripts":{"test":"mocha"},"files":["app","backbone"],"keywords":["yeoman-generator"],"dependencies":{"chalk":"^0.5.0","handlebars":"^2.0.0","rimraf":"^2.2.8","yeoman-generator":"^0.17.0","yosay":"^0.3.0"},"devDependencies":{"handlebars":"^2.0.0","mocha":"*","rimraf":"^2.2.8"},"peerDependencies":{"yo":">=1.0.0"},"readme":"#This generator is only used by myself, and the function is very poor, please not install!   \u000a#What is it?    \u000aA generator of Yo and a tool that based on NodeJS      \u000aTo create the apps and the view templates with the user input arguments. save the time for developer to develop new feature.        \u000aThe details information about generator please reference the website [Yeoman](http://yeoman.io).        \u000a#How does it work?    \u000aIn the environment of NodeJS, Yeoman, execute the shell command to build files.     \u000aviews,tmpl  \u000a#Install\u000a##It's a module of NodeJS, so you can execute the command to get it.  \u000a    npm install tiny-generator\u000a##and the constructor of tiny-generator contents two parts:\u000a*   **tiny:app** the base of generator, but it does not do anythings.\u000a*   **tiny:backbone** the primary function that we use in development.  \u000a\u000a#Usage\u000a##1, post one parameter when execute `tiny:backbone`\u000a    tiny:backbone appModuleName\u000athe appModuleName is name of the module that you created, it can be a path like this `folderParent/folderSub/modelName`   \u000a###eg.      \u000a    tiny:backbone settings/contact/profile (you don't need to add the suffix of the file)\u000ait will generate two files in the path of the root path(you should config the root path)\u000a\u000a*   rootPath/settings/contact/profileApp.js\u000a*   rootPath/tmpl/settings/contact/profileAppTmpl.html  \u000a\u000a##2, set the resources path where you place the generated javascript and html files\u000aThe resources path that you place javascript and template file: the default value is the path of command executed.\u000a##3, select the type of code that you want to use   \u000a*   standard\u000a*   dialog\u000a*   grid\u000a*   dialog-grid\u000a\u000a##4, do you want to add form validation code?\u000a\u000a##5, The root path that you place the files that for your testing.\u000awe will generate 3 files for testing\u000a1, testingRootPath/app/settings/contact/profileAppTest.html, if you use the grunt serve to open this file, this file will show the usage of the new created app.\u000a2, testingRootPath/test/settings/contact/profileApp-unitTest.js\u000a3, testingRootPath/test/settings/contact/profileApp-endToEndTest.js \u000a\u000a##5, delete the files that you just created with the option --delete\u000a`tiny:backbone appModuleName --delete`, this will delete the files that you created.  \u000a#maintainability\u000aAdd the generator templates by the requirements of Project.\u000a\u000a\u000a## Release Histor\u000a\u000a2015-2-5       v0.2.4      add the delete option to delete the files that created.\u000a\u000a    \u000a    \u000a    \u000a    \u000a","readmeFilename":"README.md","gitHead":"ed7a8d3af31c7ad9e5e1d4925bacd06f90e9e5df","bugs":{"url":"https://github.com/pairwinter/generator-tiny/issues"},"homepage":"https://github.com/pairwinter/generator-tiny","_id":"generator-tiny@0.2.6","_shasum":"8972e1c308888ad6008cde2305d49a56a7d7418c","_from":".","_npmVersion":"2.5.1","_nodeVersion":"0.12.0","_npmUser":{"name":"pairwinter","email":"pairwinter@gmail.com"},"maintainers":[{"name":"pairwinter","email":"pairwinter@gmail.com"}],"dist":{"shasum":"8972e1c308888ad6008cde2305d49a56a7d7418c","tarball":"http://registry.npmjs.org/generator-tiny/-/generator-tiny-0.2.6.tgz"}}: generator-tiny
33 verbose stack     at CachingRegistryClient.<anonymous> (/Users/damon/Documents/workspace/soft/node-v0.12.0-darwin-x64/lib/node_modules/npm/node_modules/npm-registry-client/lib/request.js:254:14)
33 verbose stack     at Request._callback (/Users/damon/Documents/workspace/soft/node-v0.12.0-darwin-x64/lib/node_modules/npm/node_modules/npm-registry-client/lib/request.js:178:14)
33 verbose stack     at Request.self.callback (/Users/damon/Documents/workspace/soft/node-v0.12.0-darwin-x64/lib/node_modules/npm/node_modules/request/request.js:344:22)
33 verbose stack     at Request.emit (events.js:110:17)
33 verbose stack     at Request.<anonymous> (/Users/damon/Documents/workspace/soft/node-v0.12.0-darwin-x64/lib/node_modules/npm/node_modules/request/request.js:1239:14)
33 verbose stack     at Request.emit (events.js:129:20)
33 verbose stack     at IncomingMessage.<anonymous> (/Users/damon/Documents/workspace/soft/node-v0.12.0-darwin-x64/lib/node_modules/npm/node_modules/request/request.js:1187:12)
33 verbose stack     at IncomingMessage.emit (events.js:129:20)
33 verbose stack     at _stream_readable.js:908:16
33 verbose stack     at process._tickCallback (node.js:355:11)
34 verbose statusCode 403
35 verbose pkgid generator-tiny
36 verbose cwd /Users/damon/Documents/workspace/code/pairwinter/nodejs/generator-tiny
37 error Darwin 14.1.0
38 error argv "/Users/damon/Documents/workspace/soft/node-v0.12.0-darwin-x64/bin/node" "/Users/damon/Documents/workspace/soft/node-v0.12.0-darwin-x64/bin/npm" "publish"
39 error node v0.12.0
40 error npm  v2.5.1
41 error code E403
42 error forbidden cannot modify pre-existing version: 0.2.6
42 error old={"name":"generator-tiny","version":"0.2.6","description":"Yeoman generator","license":"MIT","main":"app/index.js","repository":{"type":"git","url":"https://github.com/pairwinter/generator-tiny"},"author":{"name":"pairwinter","email":"pairwinter@gmail.com","url":"https://github.com/pairwinter"},"engines":{"node":">=0.10.0"},"scripts":{"test":"mocha"},"files":["app","backbone"],"keywords":["yeoman-generator"],"dependencies":{"chalk":"^0.5.0","handlebars":"^2.0.0","rimraf":"^2.2.8","yeoman-generator":"^0.17.0","yosay":"^0.3.0"},"devDependencies":{"handlebars":"^2.0.0","mocha":"*","rimraf":"^2.2.8"},"peerDependencies":{"yo":">=1.0.0"},"gitHead":"ed7a8d3af31c7ad9e5e1d4925bacd06f90e9e5df","bugs":{"url":"https://github.com/pairwinter/generator-tiny/issues"},"homepage":"https://github.com/pairwinter/generator-tiny","_id":"generator-tiny@0.2.6","_shasum":"8972e1c308888ad6008cde2305d49a56a7d7418c","_from":".","_npmVersion":"2.5.1","_nodeVersion":"0.12.0","_npmUser":{"name":"pairwinter","email":"pairwinter@gmail.com"},"maintainers":[{"name":"pairwinter","email":"pairwinter@gmail.com"}],"dist":{"shasum":"8972e1c308888ad6008cde2305d49a56a7d7418c","tarball":"http://registry.npmjs.org/generator-tiny/-/generator-tiny-0.2.6.tgz"}}
42 error new={"name":"generator-tiny","version":"0.2.6","description":"Yeoman generator","license":"MIT","main":"app/index.js","repository":{"type":"git","url":"https://github.com/pairwinter/generator-tiny"},"author":{"name":"pairwinter","email":"pairwinter@gmail.com","url":"https://github.com/pairwinter"},"engines":{"node":">=0.10.0"},"scripts":{"test":"mocha"},"files":["app","backbone"],"keywords":["yeoman-generator"],"dependencies":{"chalk":"^0.5.0","handlebars":"^2.0.0","rimraf":"^2.2.8","yeoman-generator":"^0.17.0","yosay":"^0.3.0"},"devDependencies":{"handlebars":"^2.0.0","mocha":"*","rimraf":"^2.2.8"},"peerDependencies":{"yo":">=1.0.0"},"readme":"#This generator is only used by myself, and the function is very poor, please not install!   \u000a#What is it?    \u000aA generator of Yo and a tool that based on NodeJS      \u000aTo create the apps and the view templates with the user input arguments. save the time for developer to develop new feature.        \u000aThe details information about generator please reference the website [Yeoman](http://yeoman.io).        \u000a#How does it work?    \u000aIn the environment of NodeJS, Yeoman, execute the shell command to build files.     \u000aviews,tmpl  \u000a#Install\u000a##It's a module of NodeJS, so you can execute the command to get it.  \u000a    npm install tiny-generator\u000a##and the constructor of tiny-generator contents two parts:\u000a*   **tiny:app** the base of generator, but it does not do anythings.\u000a*   **tiny:backbone** the primary function that we use in development.  \u000a\u000a#Usage\u000a##1, post one parameter when execute `tiny:backbone`\u000a    tiny:backbone appModuleName\u000athe appModuleName is name of the module that you created, it can be a path like this `folderParent/folderSub/modelName`   \u000a###eg.      \u000a    tiny:backbone settings/contact/profile (you don't need to add the suffix of the file)\u000ait will generate two files in the path of the root path(you should config the root path)\u000a\u000a*   rootPath/settings/contact/profileApp.js\u000a*   rootPath/tmpl/settings/contact/profileAppTmpl.html  \u000a\u000a##2, set the resources path where you place the generated javascript and html files\u000aThe resources path that you place javascript and template file: the default value is the path of command executed.\u000a##3, select the type of code that you want to use   \u000a*   standard\u000a*   dialog\u000a*   grid\u000a*   dialog-grid\u000a\u000a##4, do you want to add form validation code?\u000a\u000a##5, The root path that you place the files that for your testing.\u000awe will generate 3 files for testing\u000a1, testingRootPath/app/settings/contact/profileAppTest.html, if you use the grunt serve to open this file, this file will show the usage of the new created app.\u000a2, testingRootPath/test/settings/contact/profileApp-unitTest.js\u000a3, testingRootPath/test/settings/contact/profileApp-endToEndTest.js \u000a\u000a##5, delete the files that you just created with the option --delete\u000a`tiny:backbone appModuleName --delete`, this will delete the files that you created.  \u000a#maintainability\u000aAdd the generator templates by the requirements of Project.\u000a\u000a\u000a## Release Histor\u000a\u000a2015-2-5       v0.2.4      add the delete option to delete the files that created.\u000a\u000a    \u000a    \u000a    \u000a    \u000a","readmeFilename":"README.md","gitHead":"ed7a8d3af31c7ad9e5e1d4925bacd06f90e9e5df","bugs":{"url":"https://github.com/pairwinter/generator-tiny/issues"},"homepage":"https://github.com/pairwinter/generator-tiny","_id":"generator-tiny@0.2.6","_shasum":"8972e1c308888ad6008cde2305d49a56a7d7418c","_from":".","_npmVersion":"2.5.1","_nodeVersion":"0.12.0","_npmUser":{"name":"pairwinter","email":"pairwinter@gmail.com"},"maintainers":[{"name":"pairwinter","email":"pairwinter@gmail.com"}],"dist":{"shasum":"8972e1c308888ad6008cde2305d49a56a7d7418c","tarball":"http://registry.npmjs.org/generator-tiny/-/generator-tiny-0.2.6.tgz"}}: generator-tiny
43 error If you need help, you may report this error at:
43 error     <http://github.com/npm/npm/issues>
44 verbose exit [ 1, true ]
